<?xml version="1.0" encoding="UTF-8"?>
<testsuites name="verify email" time="177.496" tests="4" failures="1" errors="0">
   <testsuite name="verify email" tests="4" failures="1" errors="0" time="177.496" skipped="0" timestamp="2021-06-29 22:16:32" hostname="Aldo - DESKTOP-PQ1TCVR" id="Test Suites/Daftar Akun Page/verify email">
      <properties>
         <property name="deviceName" value=""/>
         <property name="devicePlatform" value=""/>
         <property name="logFolder" value="C:\\Users\\Aldo\\git\\PawoonTechnicalTest\\Reports\\20210629_221619\\Daftar Akun Page\\verify email\\20210629_221619"/>
         <property name="logFiles" value="C:\\Users\\Aldo\\git\\PawoonTechnicalTest\\Reports\\20210629_221619\\Daftar Akun Page\\verify email\\20210629_221619\\execution0.log"/>
         <property name="attachments" value="C:\\Users\\Aldo\\git\\PawoonTechnicalTest\\Reports\\20210629_221619\\Daftar Akun Page\\verify email\\20210629_221619\\1624979844776.png"/>
         <property name="hostName" value="Aldo - DESKTOP-PQ1TCVR"/>
         <property name="os" value="Windows 10 64bit"/>
         <property name="katalonVersion" value="8.0.5.208"/>
         <property name="browser" value="Chrome 91.0.4472.124"/>
         <property name="hostAddress" value="192.168.100.48"/>
         <property name="sessionId" value="8c29b31f7754dbca6bf9f901beca87cb"/>
         <property name="seleniumVersion" value="3.141.59"/>
         <property name="proxyInformation" value="ProxyInformation { proxyOption=NO_PROXY, proxyServerType=HTTP, username=, password=********, proxyServerAddress=, proxyServerPort=0, executionList=&quot;&quot;, isApplyToDesiredCapabilities=true }"/>
         <property name="platform" value="Windows 10"/>
      </properties>
      <testcase name="Test Cases/Daftar Akun Page/Email/Verify Email character allowed" time="53.085" classname="Test Cases/Daftar Akun Page/Email/Verify Email character allowed" status="FAILED">
         <failure type="FAILED" message="Test Cases/Daftar Akun Page/Email/Verify Email character allowed FAILED.
Reason:
com.kms.katalon.core.exception.StepFailedException: Unable to send keys 'bangdado09@gmail.com1234567890!@##$%^^&amp;*()🙂😊😀😁' to object 'Object Repository/Pawoon/Page_Pawoon POS/input_email'
	at com.kms.katalon.core.webui.keyword.internal.WebUIKeywordMain.stepFailed(WebUIKeywordMain.groovy:64)
	at com.kms.katalon.core.webui.keyword.internal.WebUIKeywordMain.runKeyword(WebUIKeywordMain.groovy:26)
	at com.kms.katalon.core.webui.keyword.builtin.SendKeysKeyword.sendKeys(SendKeysKeyword.groovy:60)
	at com.kms.katalon.core.webui.keyword.builtin.SendKeysKeyword.execute(SendKeysKeyword.groovy:38)
	at com.kms.katalon.core.keyword.internal.KeywordExecutor.executeKeywordForPlatform(KeywordExecutor.groovy:73)
	at com.kms.katalon.core.webui.keyword.WebUiBuiltInKeywords.sendKeys(WebUiBuiltInKeywords.groovy:864)
	at com.kms.katalon.core.webui.keyword.WebUiBuiltInKeywords$sendKeys$3.call(Unknown Source)
	at Verify Email character allowed.run(Verify Email character allowed:30)
	at com.kms.katalon.core.main.ScriptEngine.run(ScriptEngine.java:194)
	at com.kms.katalon.core.main.ScriptEngine.runScriptAsRawText(ScriptEngine.java:119)
	at com.kms.katalon.core.main.TestCaseExecutor.runScript(TestCaseExecutor.java:369)
	at com.kms.katalon.core.main.TestCaseExecutor.doExecute(TestCaseExecutor.java:360)
	at com.kms.katalon.core.main.TestCaseExecutor.processExecutionPhase(TestCaseExecutor.java:339)
	at com.kms.katalon.core.main.TestCaseExecutor.accessMainPhase(TestCaseExecutor.java:331)
	at com.kms.katalon.core.main.TestCaseExecutor.execute(TestCaseExecutor.java:248)
	at com.kms.katalon.core.main.TestSuiteExecutor.accessTestCaseMainPhase(TestSuiteExecutor.java:191)
	at com.kms.katalon.core.main.TestSuiteExecutor.accessTestSuiteMainPhase(TestSuiteExecutor.java:140)
	at com.kms.katalon.core.main.TestSuiteExecutor.execute(TestSuiteExecutor.java:89)
	at com.kms.katalon.core.main.TestCaseMain.startTestSuite(TestCaseMain.java:185)
	at com.kms.katalon.core.main.TestCaseMain$startTestSuite$0.call(Unknown Source)
	at TempTestSuite1624979779908.run(TempTestSuite1624979779908.groovy:39)
Caused by: org.openqa.selenium.WebDriverException: unknown error: ChromeDriver only supports characters in the BMP
  (Session info: chrome=91.0.4472.124)
Build info: version: '3.141.59', revision: 'e82be7d358', time: '2018-11-14T08:25:53'
System info: host: 'DESKTOP-PQ1TCVR', ip: '192.168.100.48', os.name: 'Windows 10', os.arch: 'amd64', os.version: '10.0', java.version: '1.8.0_181'
Driver info: com.kms.katalon.selenium.driver.CChromeDriver
Capabilities {acceptInsecureCerts: false, browserName: chrome, browserVersion: 91.0.4472.124, chrome: {chromedriverVersion: 90.0.4430.24 (4c6d850f087da..., userDataDir: C:\Users\Aldo\AppData\Local...}, goog:chromeOptions: {debuggerAddress: localhost:54735}, javascriptEnabled: true, networkConnectionEnabled: false, pageLoadStrategy: normal, platform: WINDOWS, platformName: WINDOWS, proxy: Proxy(), setWindowRect: true, strictFileInteractability: false, timeouts: {implicit: 0, pageLoad: 300000, script: 30000}, unhandledPromptBehavior: dismiss and notify, webauthn:extension:largeBlob: true, webauthn:virtualAuthenticators: true}
Session ID: 3d8e7a23ca53a1315e0e6b9f8f19f5e9
	at org.openqa.selenium.remote.http.W3CHttpResponseCodec.createException(W3CHttpResponseCodec.java:187)
	at org.openqa.selenium.remote.http.W3CHttpResponseCodec.decode(W3CHttpResponseCodec.java:122)
	at org.openqa.selenium.remote.http.W3CHttpResponseCodec.decode(W3CHttpResponseCodec.java:49)
	at org.openqa.selenium.remote.HttpCommandExecutor.execute(HttpCommandExecutor.java:158)
	at org.openqa.selenium.remote.service.DriverCommandExecutor.execute(DriverCommandExecutor.java:83)
	at org.openqa.selenium.remote.RemoteWebDriver.execute(RemoteWebDriver.java:552)
	at com.kms.katalon.selenium.driver.CChromeDriver.execute(CChromeDriver.java:19)
	at org.openqa.selenium.remote.RemoteWebElement.execute(RemoteWebElement.java:285)
	at org.openqa.selenium.remote.RemoteWebElement.sendKeys(RemoteWebElement.java:106)
	at org.openqa.selenium.support.events.EventFiringWebDriver$EventFiringWebElement.lambda$new$0(EventFiringWebDriver.java:404)
	at com.sun.proxy.$Proxy11.sendKeys(Unknown Source)
	at org.openqa.selenium.support.events.EventFiringWebDriver$EventFiringWebElement.sendKeys(EventFiringWebDriver.java:429)
	at com.kms.katalon.core.webui.keyword.builtin.SendKeysKeyword$_sendKeys_closure1.doCall(SendKeysKeyword.groovy:53)
	at com.kms.katalon.core.webui.keyword.builtin.SendKeysKeyword$_sendKeys_closure1.call(SendKeysKeyword.groovy)
	at com.kms.katalon.core.webui.keyword.internal.WebUIKeywordMain.runKeyword(WebUIKeywordMain.groovy:20)
	... 19 more
"/>
         <system-out><![CDATA[2021-06-29 22:16:33 - [TEST_CASE][FAILED] - Test Cases/Daftar Akun Page/Email/Verify Email character allowed: Test Cases/Daftar Akun Page/Email/Verify Email character allowed FAILED.
Reason:
com.kms.katalon.core.exception.StepFailedException: Unable to send keys 'bangdado09@gmail.com1234567890!@##$%^^&*()🙂😊😀😁' to object 'Object Repository/Pawoon/Page_Pawoon POS/input_email'
	at com.kms.katalon.core.webui.keyword.internal.WebUIKeywordMain.stepFailed(WebUIKeywordMain.groovy:64)
	at com.kms.katalon.core.webui.keyword.internal.WebUIKeywordMain.runKeyword(WebUIKeywordMain.groovy:26)
	at com.kms.katalon.core.webui.keyword.builtin.SendKeysKeyword.sendKeys(SendKeysKeyword.groovy:60)
	at com.kms.katalon.core.webui.keyword.builtin.SendKeysKeyword.execute(SendKeysKeyword.groovy:38)
	at com.kms.katalon.core.keyword.internal.KeywordExecutor.executeKeywordForPlatform(KeywordExecutor.groovy:73)
	at com.kms.katalon.core.webui.keyword.WebUiBuiltInKeywords.sendKeys(WebUiBuiltInKeywords.groovy:864)
	at com.kms.katalon.core.webui.keyword.WebUiBuiltInKeywords$sendKeys$3.call(Unknown Source)
	at Verify Email character allowed.run(Verify Email character allowed:30)
	at com.kms.katalon.core.main.ScriptEngine.run(ScriptEngine.java:194)
	at com.kms.katalon.core.main.ScriptEngine.runScriptAsRawText(ScriptEngine.java:119)
	at com.kms.katalon.core.main.TestCaseExecutor.runScript(TestCaseExecutor.java:369)
	at com.kms.katalon.core.main.TestCaseExecutor.doExecute(TestCaseExecutor.java:360)
	at com.kms.katalon.core.main.TestCaseExecutor.processExecutionPhase(TestCaseExecutor.java:339)
	at com.kms.katalon.core.main.TestCaseExecutor.accessMainPhase(TestCaseExecutor.java:331)
	at com.kms.katalon.core.main.TestCaseExecutor.execute(TestCaseExecutor.java:248)
	at com.kms.katalon.core.main.TestSuiteExecutor.accessTestCaseMainPhase(TestSuiteExecutor.java:191)
	at com.kms.katalon.core.main.TestSuiteExecutor.accessTestSuiteMainPhase(TestSuiteExecutor.java:140)
	at com.kms.katalon.core.main.TestSuiteExecutor.execute(TestSuiteExecutor.java:89)
	at com.kms.katalon.core.main.TestCaseMain.startTestSuite(TestCaseMain.java:185)
	at com.kms.katalon.core.main.TestCaseMain$startTestSuite$0.call(Unknown Source)
	at TempTestSuite1624979779908.run(TempTestSuite1624979779908.groovy:39)
Caused by: org.openqa.selenium.WebDriverException: unknown error: ChromeDriver only supports characters in the BMP
  (Session info: chrome=91.0.4472.124)
Build info: version: '3.141.59', revision: 'e82be7d358', time: '2018-11-14T08:25:53'
System info: host: 'DESKTOP-PQ1TCVR', ip: '192.168.100.48', os.name: 'Windows 10', os.arch: 'amd64', os.version: '10.0', java.version: '1.8.0_181'
Driver info: com.kms.katalon.selenium.driver.CChromeDriver
Capabilities {acceptInsecureCerts: false, browserName: chrome, browserVersion: 91.0.4472.124, chrome: {chromedriverVersion: 90.0.4430.24 (4c6d850f087da..., userDataDir: C:\Users\Aldo\AppData\Local...}, goog:chromeOptions: {debuggerAddress: localhost:54735}, javascriptEnabled: true, networkConnectionEnabled: false, pageLoadStrategy: normal, platform: WINDOWS, platformName: WINDOWS, proxy: Proxy(), setWindowRect: true, strictFileInteractability: false, timeouts: {implicit: 0, pageLoad: 300000, script: 30000}, unhandledPromptBehavior: dismiss and notify, webauthn:extension:largeBlob: true, webauthn:virtualAuthenticators: true}
Session ID: 3d8e7a23ca53a1315e0e6b9f8f19f5e9
	at org.openqa.selenium.remote.http.W3CHttpResponseCodec.createException(W3CHttpResponseCodec.java:187)
	at org.openqa.selenium.remote.http.W3CHttpResponseCodec.decode(W3CHttpResponseCodec.java:122)
	at org.openqa.selenium.remote.http.W3CHttpResponseCodec.decode(W3CHttpResponseCodec.java:49)
	at org.openqa.selenium.remote.HttpCommandExecutor.execute(HttpCommandExecutor.java:158)
	at org.openqa.selenium.remote.service.DriverCommandExecutor.execute(DriverCommandExecutor.java:83)
	at org.openqa.selenium.remote.RemoteWebDriver.execute(RemoteWebDriver.java:552)
	at com.kms.katalon.selenium.driver.CChromeDriver.execute(CChromeDriver.java:19)
	at org.openqa.selenium.remote.RemoteWebElement.execute(RemoteWebElement.java:285)
	at org.openqa.selenium.remote.RemoteWebElement.sendKeys(RemoteWebElement.java:106)
	at org.openqa.selenium.support.events.EventFiringWebDriver$EventFiringWebElement.lambda$new$0(EventFiringWebDriver.java:404)
	at com.sun.proxy.$Proxy11.sendKeys(Unknown Source)
	at org.openqa.selenium.support.events.EventFiringWebDriver$EventFiringWebElement.sendKeys(EventFiringWebDriver.java:429)
	at com.kms.katalon.core.webui.keyword.builtin.SendKeysKeyword$_sendKeys_closure1.doCall(SendKeysKeyword.groovy:53)
	at com.kms.katalon.core.webui.keyword.builtin.SendKeysKeyword$_sendKeys_closure1.call(SendKeysKeyword.groovy)
	at com.kms.katalon.core.webui.keyword.internal.WebUIKeywordMain.runKeyword(WebUIKeywordMain.groovy:20)
	... 19 more


2021-06-29 22:16:36 - [TEST_STEP][PASSED] - openBrowser(""): Browser is opened with url: ''

2021-06-29 22:16:37 - [MESSAGE][INFO] - Starting 'Chrome' driver

2021-06-29 22:16:38 - [MESSAGE][INFO] - Action delay is set to 0 milliseconds

2021-06-29 22:17:04 - [MESSAGE][PASSED] - Browser is opened with url: ''

2021-06-29 22:17:04 - [TEST_STEP][PASSED] - maximizeWindow(): Current window maximized

2021-06-29 22:17:04 - [MESSAGE][PASSED] - Current window maximized

2021-06-29 22:17:04 - [TEST_STEP][PASSED] - navigateToUrl("https://dashboard.pawoon.com/login"): Navigate to 'https://dashboard.pawoon.com/login' successfully

2021-06-29 22:17:13 - [MESSAGE][PASSED] - Navigate to 'https://dashboard.pawoon.com/login' successfully

2021-06-29 22:17:13 - [TEST_STEP][PASSED] - click(findTestObject("Pawoon/Page_Pawoon POS - My Pawoon v2 - Login/Daftar sekarang")): Object: 'Object Repository/Pawoon/Page_Pawoon POS - My Pawoon v2 - Login/Daftar sekarang' is clicked on

2021-06-29 22:17:19 - [MESSAGE][PASSED] - Object: 'Object Repository/Pawoon/Page_Pawoon POS - My Pawoon v2 - Login/Daftar sekarang' is clicked on

2021-06-29 22:17:19 - [TEST_STEP][PASSED] - sendKeys(findTestObject("Pawoon/Page_Pawoon POS/input_Namalengkap"), "Renaldo Pontoh"): Keys 'Renaldo Pontoh' sent to object: 'Object Repository/Pawoon/Page_Pawoon POS/input_Namalengkap'

2021-06-29 22:17:23 - [MESSAGE][PASSED] - Keys 'Renaldo Pontoh' sent to object: 'Object Repository/Pawoon/Page_Pawoon POS/input_Namalengkap'

2021-06-29 22:17:23 - [TEST_STEP][FAILED] - sendKeys(findTestObject("Pawoon/Page_Pawoon POS/input_email"), "bangdado09@gmail.com1234567890!@##$%^^&*()🙂😊😀😁"): Unable to send keys 'bangdado09@gmail.com1234567890!@##$%^^&*()🙂😊😀😁' to object 'Object Repository/Pawoon/Page_Pawoon POS/input_email' (Root cause: com.kms.katalon.core.exception.StepFailedException: Unable to send keys 'bangdado09@gmail.com1234567890!@##$%^^&*()🙂😊😀😁' to object 'Object Repository/Pawoon/Page_Pawoon POS/input_email'
	at com.kms.katalon.core.webui.keyword.internal.WebUIKeywordMain.stepFailed(WebUIKeywordMain.groovy:64)
	at com.kms.katalon.core.webui.keyword.internal.WebUIKeywordMain.runKeyword(WebUIKeywordMain.groovy:26)
	at com.kms.katalon.core.webui.keyword.builtin.SendKeysKeyword.sendKeys(SendKeysKeyword.groovy:60)
	at com.kms.katalon.core.webui.keyword.builtin.SendKeysKeyword.execute(SendKeysKeyword.groovy:38)
	at com.kms.katalon.core.keyword.internal.KeywordExecutor.executeKeywordForPlatform(KeywordExecutor.groovy:73)
	at com.kms.katalon.core.webui.keyword.WebUiBuiltInKeywords.sendKeys(WebUiBuiltInKeywords.groovy:864)
	at com.kms.katalon.core.webui.keyword.WebUiBuiltInKeywords$sendKeys$3.call(Unknown Source)
	at Verify Email character allowed.run(Verify Email character allowed:30)
	at com.kms.katalon.core.main.ScriptEngine.run(ScriptEngine.java:194)
	at com.kms.katalon.core.main.ScriptEngine.runScriptAsRawText(ScriptEngine.java:119)
	at com.kms.katalon.core.main.TestCaseExecutor.runScript(TestCaseExecutor.java:369)
	at com.kms.katalon.core.main.TestCaseExecutor.doExecute(TestCaseExecutor.java:360)
	at com.kms.katalon.core.main.TestCaseExecutor.processExecutionPhase(TestCaseExecutor.java:339)
	at com.kms.katalon.core.main.TestCaseExecutor.accessMainPhase(TestCaseExecutor.java:331)
	at com.kms.katalon.core.main.TestCaseExecutor.execute(TestCaseExecutor.java:248)
	at com.kms.katalon.core.main.TestSuiteExecutor.accessTestCaseMainPhase(TestSuiteExecutor.java:191)
	at com.kms.katalon.core.main.TestSuiteExecutor.accessTestSuiteMainPhase(TestSuiteExecutor.java:140)
	at com.kms.katalon.core.main.TestSuiteExecutor.execute(TestSuiteExecutor.java:89)
	at com.kms.katalon.core.main.TestCaseMain.startTestSuite(TestCaseMain.java:185)
	at com.kms.katalon.core.main.TestCaseMain$startTestSuite$0.call(Unknown Source)
	at TempTestSuite1624979779908.run(TempTestSuite1624979779908.groovy:39)
Caused by: org.openqa.selenium.WebDriverException: unknown error: ChromeDriver only supports characters in the BMP
  (Session info: chrome=91.0.4472.124)
Build info: version: '3.141.59', revision: 'e82be7d358', time: '2018-11-14T08:25:53'
System info: host: 'DESKTOP-PQ1TCVR', ip: '192.168.100.48', os.name: 'Windows 10', os.arch: 'amd64', os.version: '10.0', java.version: '1.8.0_181'
Driver info: com.kms.katalon.selenium.driver.CChromeDriver
Capabilities {acceptInsecureCerts: false, browserName: chrome, browserVersion: 91.0.4472.124, chrome: {chromedriverVersion: 90.0.4430.24 (4c6d850f087da..., userDataDir: C:\Users\Aldo\AppData\Local...}, goog:chromeOptions: {debuggerAddress: localhost:54735}, javascriptEnabled: true, networkConnectionEnabled: false, pageLoadStrategy: normal, platform: WINDOWS, platformName: WINDOWS, proxy: Proxy(), setWindowRect: true, strictFileInteractability: false, timeouts: {implicit: 0, pageLoad: 300000, script: 30000}, unhandledPromptBehavior: dismiss and notify, webauthn:extension:largeBlob: true, webauthn:virtualAuthenticators: true}
Session ID: 3d8e7a23ca53a1315e0e6b9f8f19f5e9
	at org.openqa.selenium.remote.http.W3CHttpResponseCodec.createException(W3CHttpResponseCodec.java:187)
	at org.openqa.selenium.remote.http.W3CHttpResponseCodec.decode(W3CHttpResponseCodec.java:122)
	at org.openqa.selenium.remote.http.W3CHttpResponseCodec.decode(W3CHttpResponseCodec.java:49)
	at org.openqa.selenium.remote.HttpCommandExecutor.execute(HttpCommandExecutor.java:158)
	at org.openqa.selenium.remote.service.DriverCommandExecutor.execute(DriverCommandExecutor.java:83)
	at org.openqa.selenium.remote.RemoteWebDriver.execute(RemoteWebDriver.java:552)
	at com.kms.katalon.selenium.driver.CChromeDriver.execute(CChromeDriver.java:19)
	at org.openqa.selenium.remote.RemoteWebElement.execute(RemoteWebElement.java:285)
	at org.openqa.selenium.remote.RemoteWebElement.sendKeys(RemoteWebElement.java:106)
	at org.openqa.selenium.support.events.EventFiringWebDriver$EventFiringWebElement.lambda$new$0(EventFiringWebDriver.java:404)
	at com.sun.proxy.$Proxy11.sendKeys(Unknown Source)
	at org.openqa.selenium.support.events.EventFiringWebDriver$EventFiringWebElement.sendKeys(EventFiringWebDriver.java:429)
	at com.kms.katalon.core.webui.keyword.builtin.SendKeysKeyword$_sendKeys_closure1.doCall(SendKeysKeyword.groovy:53)
	at com.kms.katalon.core.webui.keyword.builtin.SendKeysKeyword$_sendKeys_closure1.call(SendKeysKeyword.groovy)
	at com.kms.katalon.core.webui.keyword.internal.WebUIKeywordMain.runKeyword(WebUIKeywordMain.groovy:20)
	at com.kms.katalon.core.webui.keyword.builtin.SendKeysKeyword.sendKeys(SendKeysKeyword.groovy:60)
	at com.kms.katalon.core.webui.keyword.builtin.SendKeysKeyword.execute(SendKeysKeyword.groovy:38)
	at com.kms.katalon.core.keyword.internal.KeywordExecutor.executeKeywordForPlatform(KeywordExecutor.groovy:73)
	at com.kms.katalon.core.webui.keyword.WebUiBuiltInKeywords.sendKeys(WebUiBuiltInKeywords.groovy:864)
	at com.kms.katalon.core.webui.keyword.WebUiBuiltInKeywords$sendKeys$3.call(Unknown Source)
	at Script1624978772153.run(Script1624978772153.groovy:30)
	... 13 more
)

2021-06-29 22:17:26 - [MESSAGE][FAILED] - Unable to send keys 'bangdado09@gmail.com1234567890!@##$%^^&*()🙂😊😀😁' to object 'Object Repository/Pawoon/Page_Pawoon POS/input_email' (Root cause: com.kms.katalon.core.exception.StepFailedException: Unable to send keys 'bangdado09@gmail.com1234567890!@##$%^^&*()🙂😊😀😁' to object 'Object Repository/Pawoon/Page_Pawoon POS/input_email'
	at com.kms.katalon.core.webui.keyword.internal.WebUIKeywordMain.stepFailed(WebUIKeywordMain.groovy:64)
	at com.kms.katalon.core.webui.keyword.internal.WebUIKeywordMain.runKeyword(WebUIKeywordMain.groovy:26)
	at com.kms.katalon.core.webui.keyword.builtin.SendKeysKeyword.sendKeys(SendKeysKeyword.groovy:60)
	at com.kms.katalon.core.webui.keyword.builtin.SendKeysKeyword.execute(SendKeysKeyword.groovy:38)
	at com.kms.katalon.core.keyword.internal.KeywordExecutor.executeKeywordForPlatform(KeywordExecutor.groovy:73)
	at com.kms.katalon.core.webui.keyword.WebUiBuiltInKeywords.sendKeys(WebUiBuiltInKeywords.groovy:864)
	at com.kms.katalon.core.webui.keyword.WebUiBuiltInKeywords$sendKeys$3.call(Unknown Source)
	at Verify Email character allowed.run(Verify Email character allowed:30)
	at com.kms.katalon.core.main.ScriptEngine.run(ScriptEngine.java:194)
	at com.kms.katalon.core.main.ScriptEngine.runScriptAsRawText(ScriptEngine.java:119)
	at com.kms.katalon.core.main.TestCaseExecutor.runScript(TestCaseExecutor.java:369)
	at com.kms.katalon.core.main.TestCaseExecutor.doExecute(TestCaseExecutor.java:360)
	at com.kms.katalon.core.main.TestCaseExecutor.processExecutionPhase(TestCaseExecutor.java:339)
	at com.kms.katalon.core.main.TestCaseExecutor.accessMainPhase(TestCaseExecutor.java:331)
	at com.kms.katalon.core.main.TestCaseExecutor.execute(TestCaseExecutor.java:248)
	at com.kms.katalon.core.main.TestSuiteExecutor.accessTestCaseMainPhase(TestSuiteExecutor.java:191)
	at com.kms.katalon.core.main.TestSuiteExecutor.accessTestSuiteMainPhase(TestSuiteExecutor.java:140)
	at com.kms.katalon.core.main.TestSuiteExecutor.execute(TestSuiteExecutor.java:89)
	at com.kms.katalon.core.main.TestCaseMain.startTestSuite(TestCaseMain.java:185)
	at com.kms.katalon.core.main.TestCaseMain$startTestSuite$0.call(Unknown Source)
	at TempTestSuite1624979779908.run(TempTestSuite1624979779908.groovy:39)
Caused by: org.openqa.selenium.WebDriverException: unknown error: ChromeDriver only supports characters in the BMP
  (Session info: chrome=91.0.4472.124)
Build info: version: '3.141.59', revision: 'e82be7d358', time: '2018-11-14T08:25:53'
System info: host: 'DESKTOP-PQ1TCVR', ip: '192.168.100.48', os.name: 'Windows 10', os.arch: 'amd64', os.version: '10.0', java.version: '1.8.0_181'
Driver info: com.kms.katalon.selenium.driver.CChromeDriver
Capabilities {acceptInsecureCerts: false, browserName: chrome, browserVersion: 91.0.4472.124, chrome: {chromedriverVersion: 90.0.4430.24 (4c6d850f087da..., userDataDir: C:\Users\Aldo\AppData\Local...}, goog:chromeOptions: {debuggerAddress: localhost:54735}, javascriptEnabled: true, networkConnectionEnabled: false, pageLoadStrategy: normal, platform: WINDOWS, platformName: WINDOWS, proxy: Proxy(), setWindowRect: true, strictFileInteractability: false, timeouts: {implicit: 0, pageLoad: 300000, script: 30000}, unhandledPromptBehavior: dismiss and notify, webauthn:extension:largeBlob: true, webauthn:virtualAuthenticators: true}
Session ID: 3d8e7a23ca53a1315e0e6b9f8f19f5e9
	at org.openqa.selenium.remote.http.W3CHttpResponseCodec.createException(W3CHttpResponseCodec.java:187)
	at org.openqa.selenium.remote.http.W3CHttpResponseCodec.decode(W3CHttpResponseCodec.java:122)
	at org.openqa.selenium.remote.http.W3CHttpResponseCodec.decode(W3CHttpResponseCodec.java:49)
	at org.openqa.selenium.remote.HttpCommandExecutor.execute(HttpCommandExecutor.java:158)
	at org.openqa.selenium.remote.service.DriverCommandExecutor.execute(DriverCommandExecutor.java:83)
	at org.openqa.selenium.remote.RemoteWebDriver.execute(RemoteWebDriver.java:552)
	at com.kms.katalon.selenium.driver.CChromeDriver.execute(CChromeDriver.java:19)
	at org.openqa.selenium.remote.RemoteWebElement.execute(RemoteWebElement.java:285)
	at org.openqa.selenium.remote.RemoteWebElement.sendKeys(RemoteWebElement.java:106)
	at org.openqa.selenium.support.events.EventFiringWebDriver$EventFiringWebElement.lambda$new$0(EventFiringWebDriver.java:404)
	at com.sun.proxy.$Proxy11.sendKeys(Unknown Source)
	at org.openqa.selenium.support.events.EventFiringWebDriver$EventFiringWebElement.sendKeys(EventFiringWebDriver.java:429)
	at com.kms.katalon.core.webui.keyword.builtin.SendKeysKeyword$_sendKeys_closure1.doCall(SendKeysKeyword.groovy:53)
	at com.kms.katalon.core.webui.keyword.builtin.SendKeysKeyword$_sendKeys_closure1.call(SendKeysKeyword.groovy)
	at com.kms.katalon.core.webui.keyword.internal.WebUIKeywordMain.runKeyword(WebUIKeywordMain.groovy:20)
	at com.kms.katalon.core.webui.keyword.builtin.SendKeysKeyword.sendKeys(SendKeysKeyword.groovy:60)
	at com.kms.katalon.core.webui.keyword.builtin.SendKeysKeyword.execute(SendKeysKeyword.groovy:38)
	at com.kms.katalon.core.keyword.internal.KeywordExecutor.executeKeywordForPlatform(KeywordExecutor.groovy:73)
	at com.kms.katalon.core.webui.keyword.WebUiBuiltInKeywords.sendKeys(WebUiBuiltInKeywords.groovy:864)
	at com.kms.katalon.core.webui.keyword.WebUiBuiltInKeywords$sendKeys$3.call(Unknown Source)
	at Script1624978772153.run(Script1624978772153.groovy:30)
	... 13 more
)
[[ATTACHMENT|C:\\Users\\Aldo\\git\\PawoonTechnicalTest\\Reports\\20210629_221619\\Daftar Akun Page\\verify email\\20210629_221619\\1624979844776.png]]]]></system-out>
         <system-err><![CDATA[2021-06-29 22:16:33 - [TEST_CASE][FAILED] - Test Cases/Daftar Akun Page/Email/Verify Email character allowed: Test Cases/Daftar Akun Page/Email/Verify Email character allowed FAILED.
Reason:
com.kms.katalon.core.exception.StepFailedException: Unable to send keys 'bangdado09@gmail.com1234567890!@##$%^^&*()🙂😊😀😁' to object 'Object Repository/Pawoon/Page_Pawoon POS/input_email'
	at com.kms.katalon.core.webui.keyword.internal.WebUIKeywordMain.stepFailed(WebUIKeywordMain.groovy:64)
	at com.kms.katalon.core.webui.keyword.internal.WebUIKeywordMain.runKeyword(WebUIKeywordMain.groovy:26)
	at com.kms.katalon.core.webui.keyword.builtin.SendKeysKeyword.sendKeys(SendKeysKeyword.groovy:60)
	at com.kms.katalon.core.webui.keyword.builtin.SendKeysKeyword.execute(SendKeysKeyword.groovy:38)
	at com.kms.katalon.core.keyword.internal.KeywordExecutor.executeKeywordForPlatform(KeywordExecutor.groovy:73)
	at com.kms.katalon.core.webui.keyword.WebUiBuiltInKeywords.sendKeys(WebUiBuiltInKeywords.groovy:864)
	at com.kms.katalon.core.webui.keyword.WebUiBuiltInKeywords$sendKeys$3.call(Unknown Source)
	at Verify Email character allowed.run(Verify Email character allowed:30)
	at com.kms.katalon.core.main.ScriptEngine.run(ScriptEngine.java:194)
	at com.kms.katalon.core.main.ScriptEngine.runScriptAsRawText(ScriptEngine.java:119)
	at com.kms.katalon.core.main.TestCaseExecutor.runScript(TestCaseExecutor.java:369)
	at com.kms.katalon.core.main.TestCaseExecutor.doExecute(TestCaseExecutor.java:360)
	at com.kms.katalon.core.main.TestCaseExecutor.processExecutionPhase(TestCaseExecutor.java:339)
	at com.kms.katalon.core.main.TestCaseExecutor.accessMainPhase(TestCaseExecutor.java:331)
	at com.kms.katalon.core.main.TestCaseExecutor.execute(TestCaseExecutor.java:248)
	at com.kms.katalon.core.main.TestSuiteExecutor.accessTestCaseMainPhase(TestSuiteExecutor.java:191)
	at com.kms.katalon.core.main.TestSuiteExecutor.accessTestSuiteMainPhase(TestSuiteExecutor.java:140)
	at com.kms.katalon.core.main.TestSuiteExecutor.execute(TestSuiteExecutor.java:89)
	at com.kms.katalon.core.main.TestCaseMain.startTestSuite(TestCaseMain.java:185)
	at com.kms.katalon.core.main.TestCaseMain$startTestSuite$0.call(Unknown Source)
	at TempTestSuite1624979779908.run(TempTestSuite1624979779908.groovy:39)
Caused by: org.openqa.selenium.WebDriverException: unknown error: ChromeDriver only supports characters in the BMP
  (Session info: chrome=91.0.4472.124)
Build info: version: '3.141.59', revision: 'e82be7d358', time: '2018-11-14T08:25:53'
System info: host: 'DESKTOP-PQ1TCVR', ip: '192.168.100.48', os.name: 'Windows 10', os.arch: 'amd64', os.version: '10.0', java.version: '1.8.0_181'
Driver info: com.kms.katalon.selenium.driver.CChromeDriver
Capabilities {acceptInsecureCerts: false, browserName: chrome, browserVersion: 91.0.4472.124, chrome: {chromedriverVersion: 90.0.4430.24 (4c6d850f087da..., userDataDir: C:\Users\Aldo\AppData\Local...}, goog:chromeOptions: {debuggerAddress: localhost:54735}, javascriptEnabled: true, networkConnectionEnabled: false, pageLoadStrategy: normal, platform: WINDOWS, platformName: WINDOWS, proxy: Proxy(), setWindowRect: true, strictFileInteractability: false, timeouts: {implicit: 0, pageLoad: 300000, script: 30000}, unhandledPromptBehavior: dismiss and notify, webauthn:extension:largeBlob: true, webauthn:virtualAuthenticators: true}
Session ID: 3d8e7a23ca53a1315e0e6b9f8f19f5e9
	at org.openqa.selenium.remote.http.W3CHttpResponseCodec.createException(W3CHttpResponseCodec.java:187)
	at org.openqa.selenium.remote.http.W3CHttpResponseCodec.decode(W3CHttpResponseCodec.java:122)
	at org.openqa.selenium.remote.http.W3CHttpResponseCodec.decode(W3CHttpResponseCodec.java:49)
	at org.openqa.selenium.remote.HttpCommandExecutor.execute(HttpCommandExecutor.java:158)
	at org.openqa.selenium.remote.service.DriverCommandExecutor.execute(DriverCommandExecutor.java:83)
	at org.openqa.selenium.remote.RemoteWebDriver.execute(RemoteWebDriver.java:552)
	at com.kms.katalon.selenium.driver.CChromeDriver.execute(CChromeDriver.java:19)
	at org.openqa.selenium.remote.RemoteWebElement.execute(RemoteWebElement.java:285)
	at org.openqa.selenium.remote.RemoteWebElement.sendKeys(RemoteWebElement.java:106)
	at org.openqa.selenium.support.events.EventFiringWebDriver$EventFiringWebElement.lambda$new$0(EventFiringWebDriver.java:404)
	at com.sun.proxy.$Proxy11.sendKeys(Unknown Source)
	at org.openqa.selenium.support.events.EventFiringWebDriver$EventFiringWebElement.sendKeys(EventFiringWebDriver.java:429)
	at com.kms.katalon.core.webui.keyword.builtin.SendKeysKeyword$_sendKeys_closure1.doCall(SendKeysKeyword.groovy:53)
	at com.kms.katalon.core.webui.keyword.builtin.SendKeysKeyword$_sendKeys_closure1.call(SendKeysKeyword.groovy)
	at com.kms.katalon.core.webui.keyword.internal.WebUIKeywordMain.runKeyword(WebUIKeywordMain.groovy:20)
	... 19 more]]></system-err>
      </testcase>
      <testcase name="Test Cases/Daftar Akun Page/Email/Verify Email empty input" time="49.8" classname="Test Cases/Daftar Akun Page/Email/Verify Email empty input" status="PASSED">
         <system-out><![CDATA[2021-06-29 22:17:27 - [TEST_CASE][PASSED] - Test Cases/Daftar Akun Page/Email/Verify Email empty input: Test Cases/Daftar Akun Page/Email/Verify Email empty input

2021-06-29 22:17:28 - [TEST_STEP][PASSED] - openBrowser(""): Browser is opened with url: ''

2021-06-29 22:17:28 - [MESSAGE][WARNING] - A browser is already opened. Closing browser and opening a new one

2021-06-29 22:17:30 - [MESSAGE][INFO] - Starting 'Chrome' driver

2021-06-29 22:17:30 - [MESSAGE][INFO] - Action delay is set to 0 milliseconds

2021-06-29 22:17:47 - [MESSAGE][PASSED] - Browser is opened with url: ''

2021-06-29 22:17:47 - [TEST_STEP][PASSED] - maximizeWindow(): Current window maximized

2021-06-29 22:17:47 - [MESSAGE][PASSED] - Current window maximized

2021-06-29 22:17:47 - [TEST_STEP][PASSED] - navigateToUrl("https://dashboard.pawoon.com/login"): Navigate to 'https://dashboard.pawoon.com/login' successfully

2021-06-29 22:17:56 - [MESSAGE][PASSED] - Navigate to 'https://dashboard.pawoon.com/login' successfully

2021-06-29 22:17:56 - [TEST_STEP][PASSED] - click(findTestObject("Pawoon/Page_Pawoon POS - My Pawoon v2 - Login/Daftar sekarang")): Object: 'Object Repository/Pawoon/Page_Pawoon POS - My Pawoon v2 - Login/Daftar sekarang' is clicked on

2021-06-29 22:18:02 - [MESSAGE][PASSED] - Object: 'Object Repository/Pawoon/Page_Pawoon POS - My Pawoon v2 - Login/Daftar sekarang' is clicked on

2021-06-29 22:18:02 - [TEST_STEP][PASSED] - sendKeys(findTestObject("Pawoon/Page_Pawoon POS/input_Namalengkap"), "Renaldo Pontoh"): Keys 'Renaldo Pontoh' sent to object: 'Object Repository/Pawoon/Page_Pawoon POS/input_Namalengkap'

2021-06-29 22:18:05 - [MESSAGE][PASSED] - Keys 'Renaldo Pontoh' sent to object: 'Object Repository/Pawoon/Page_Pawoon POS/input_Namalengkap'

2021-06-29 22:18:05 - [TEST_STEP][PASSED] - sendKeys(findTestObject("Pawoon/Page_Pawoon POS/input_email"), ""): Keys '' sent to object: 'Object Repository/Pawoon/Page_Pawoon POS/input_email'

2021-06-29 22:18:05 - [MESSAGE][PASSED] - Keys '' sent to object: 'Object Repository/Pawoon/Page_Pawoon POS/input_email'

2021-06-29 22:18:05 - [TEST_STEP][PASSED] - sendKeys(findTestObject("Pawoon/Page_Pawoon POS/input_phone_number"), "081211336018"): Keys '081211336018' sent to object: 'Object Repository/Pawoon/Page_Pawoon POS/input_phone_number'

2021-06-29 22:18:06 - [MESSAGE][PASSED] - Keys '081211336018' sent to object: 'Object Repository/Pawoon/Page_Pawoon POS/input_phone_number'

2021-06-29 22:18:06 - [TEST_STEP][PASSED] - sendKeys(findTestObject("Pawoon/Page_Pawoon POS/input_password"), "123456"): Keys '123456' sent to object: 'Object Repository/Pawoon/Page_Pawoon POS/input_password'

2021-06-29 22:18:07 - [MESSAGE][PASSED] - Keys '123456' sent to object: 'Object Repository/Pawoon/Page_Pawoon POS/input_password'

2021-06-29 22:18:07 - [TEST_STEP][PASSED] - verifyElementNotChecked(findTestObject("Pawoon/Page_Pawoon POS/checkbox_agreement"), 2): Object 'Object Repository/Pawoon/Page_Pawoon POS/checkbox_agreement' is not checked

2021-06-29 22:18:08 - [MESSAGE][PASSED] - Object 'Object Repository/Pawoon/Page_Pawoon POS/checkbox_agreement' is not checked

2021-06-29 22:18:08 - [TEST_STEP][PASSED] - check(findTestObject("Pawoon/Page_Pawoon POS/checkbox_agreement")): Object 'Object Repository/Pawoon/Page_Pawoon POS/checkbox_agreement' is checked

2021-06-29 22:18:10 - [MESSAGE][PASSED] - Object 'Object Repository/Pawoon/Page_Pawoon POS/checkbox_agreement' is checked

2021-06-29 22:18:10 - [TEST_STEP][PASSED] - click(findTestObject("Pawoon/Page_Pawoon POS/Page_Pawoon POS/button_Lanjutkan1")): Object: 'Object Repository/Pawoon/Page_Pawoon POS/Page_Pawoon POS/button_Lanjutkan1' is clicked on

2021-06-29 22:18:11 - [MESSAGE][PASSED] - Object: 'Object Repository/Pawoon/Page_Pawoon POS/Page_Pawoon POS/button_Lanjutkan1' is clicked on

2021-06-29 22:18:11 - [TEST_STEP][PASSED] - verifyElementPresent(findTestObject("Pawoon/informasi bisnis page/Page_Pawoon POS/teks_Informasi Bisnis"), 0): Object 'Object Repository/Pawoon/informasi bisnis page/Page_Pawoon POS/teks_Informasi Bisnis' is present

2021-06-29 22:18:11 - [MESSAGE][WARNING] - Timeout '0' is invalid. Using default page load timeout: '30'

2021-06-29 22:18:11 - [MESSAGE][PASSED] - Object 'Object Repository/Pawoon/informasi bisnis page/Page_Pawoon POS/teks_Informasi Bisnis' is present

2021-06-29 22:18:11 - [TEST_STEP][PASSED] - delay(2): Delayed 2 second(s)

2021-06-29 22:18:14 - [MESSAGE][PASSED] - Delayed 2 second(s)

2021-06-29 22:18:14 - [TEST_STEP][PASSED] - closeBrowser(): Browser is closed

2021-06-29 22:18:16 - [MESSAGE][PASSED] - Browser is closed]]></system-out>
         <system-err><![CDATA[]]></system-err>
      </testcase>
      <testcase name="Test Cases/Daftar Akun Page/Email/Verify Email maximum character" time="34.081" classname="Test Cases/Daftar Akun Page/Email/Verify Email maximum character" status="PASSED">
         <system-out><![CDATA[2021-06-29 22:18:16 - [TEST_CASE][PASSED] - Test Cases/Daftar Akun Page/Email/Verify Email maximum character: Test Cases/Daftar Akun Page/Email/Verify Email maximum character

2021-06-29 22:18:17 - [TEST_STEP][PASSED] - openBrowser(""): Browser is opened with url: ''

2021-06-29 22:18:18 - [MESSAGE][INFO] - Starting 'Chrome' driver

2021-06-29 22:18:18 - [MESSAGE][INFO] - Action delay is set to 0 milliseconds

2021-06-29 22:18:26 - [MESSAGE][PASSED] - Browser is opened with url: ''

2021-06-29 22:18:26 - [TEST_STEP][PASSED] - maximizeWindow(): Current window maximized

2021-06-29 22:18:26 - [MESSAGE][PASSED] - Current window maximized

2021-06-29 22:18:26 - [TEST_STEP][PASSED] - navigateToUrl("https://dashboard.pawoon.com/login"): Navigate to 'https://dashboard.pawoon.com/login' successfully

2021-06-29 22:18:33 - [MESSAGE][PASSED] - Navigate to 'https://dashboard.pawoon.com/login' successfully

2021-06-29 22:18:33 - [TEST_STEP][PASSED] - click(findTestObject("Pawoon/Page_Pawoon POS - My Pawoon v2 - Login/Daftar sekarang")): Object: 'Object Repository/Pawoon/Page_Pawoon POS - My Pawoon v2 - Login/Daftar sekarang' is clicked on

2021-06-29 22:18:37 - [MESSAGE][PASSED] - Object: 'Object Repository/Pawoon/Page_Pawoon POS - My Pawoon v2 - Login/Daftar sekarang' is clicked on

2021-06-29 22:18:37 - [TEST_STEP][PASSED] - sendKeys(findTestObject("Pawoon/Page_Pawoon POS/input_Namalengkap"), "Renaldo Pontoh"): Keys 'Renaldo Pontoh' sent to object: 'Object Repository/Pawoon/Page_Pawoon POS/input_Namalengkap'

2021-06-29 22:18:38 - [MESSAGE][PASSED] - Keys 'Renaldo Pontoh' sent to object: 'Object Repository/Pawoon/Page_Pawoon POS/input_Namalengkap'

2021-06-29 22:18:38 - [TEST_STEP][PASSED] - sendKeys(findTestObject("Pawoon/Page_Pawoon POS/input_email"), "bangdado@gmail.commmmmmmmmmmmmmmmmmmmmmmmmmmmmmmmmmmmmmmmmmmmmmmmmmmmmmmmmmmmmmmmmmmmmmmmmmmmmmmmmmm"): Keys 'bangdado@gmail.commmmmmmmmmmmmmmmmmmmmmmmmmmmmmmmmmmmmmmmmmmmmmmmmmmmmmmmmmmmmmmmmmmmmmmmmmmmmmmmmmm' sent to object: 'Object Repository/Pawoon/Page_Pawoon POS/input_email'

2021-06-29 22:18:40 - [MESSAGE][PASSED] - Keys 'bangdado@gmail.commmmmmmmmmmmmmmmmmmmmmmmmmmmmmmmmmmmmmmmmmmmmmmmmmmmmmmmmmmmmmmmmmmmmmmmmmmmmmmmmmm' sent to object: 'Object Repository/Pawoon/Page_Pawoon POS/input_email'

2021-06-29 22:18:40 - [TEST_STEP][PASSED] - sendKeys(findTestObject("Pawoon/Page_Pawoon POS/input_phone_number"), "081211336018"): Keys '081211336018' sent to object: 'Object Repository/Pawoon/Page_Pawoon POS/input_phone_number'

2021-06-29 22:18:40 - [MESSAGE][PASSED] - Keys '081211336018' sent to object: 'Object Repository/Pawoon/Page_Pawoon POS/input_phone_number'

2021-06-29 22:18:40 - [TEST_STEP][PASSED] - sendKeys(findTestObject("Pawoon/Page_Pawoon POS/input_password"), "123456"): Keys '123456' sent to object: 'Object Repository/Pawoon/Page_Pawoon POS/input_password'

2021-06-29 22:18:41 - [MESSAGE][PASSED] - Keys '123456' sent to object: 'Object Repository/Pawoon/Page_Pawoon POS/input_password'

2021-06-29 22:18:41 - [TEST_STEP][PASSED] - verifyElementNotChecked(findTestObject("Pawoon/Page_Pawoon POS/checkbox_agreement"), 2): Object 'Object Repository/Pawoon/Page_Pawoon POS/checkbox_agreement' is not checked

2021-06-29 22:18:42 - [MESSAGE][PASSED] - Object 'Object Repository/Pawoon/Page_Pawoon POS/checkbox_agreement' is not checked

2021-06-29 22:18:42 - [TEST_STEP][PASSED] - check(findTestObject("Pawoon/Page_Pawoon POS/checkbox_agreement")): Object 'Object Repository/Pawoon/Page_Pawoon POS/checkbox_agreement' is checked

2021-06-29 22:18:44 - [MESSAGE][PASSED] - Object 'Object Repository/Pawoon/Page_Pawoon POS/checkbox_agreement' is checked

2021-06-29 22:18:44 - [TEST_STEP][PASSED] - click(findTestObject("Pawoon/Page_Pawoon POS/Page_Pawoon POS/button_Lanjutkan1")): Object: 'Object Repository/Pawoon/Page_Pawoon POS/Page_Pawoon POS/button_Lanjutkan1' is clicked on

2021-06-29 22:18:45 - [MESSAGE][PASSED] - Object: 'Object Repository/Pawoon/Page_Pawoon POS/Page_Pawoon POS/button_Lanjutkan1' is clicked on

2021-06-29 22:18:45 - [TEST_STEP][PASSED] - verifyElementPresent(findTestObject("Pawoon/informasi bisnis page/Page_Pawoon POS/teks_Informasi Bisnis"), 0): Object 'Object Repository/Pawoon/informasi bisnis page/Page_Pawoon POS/teks_Informasi Bisnis' is present

2021-06-29 22:18:46 - [MESSAGE][WARNING] - Timeout '0' is invalid. Using default page load timeout: '30'

2021-06-29 22:18:47 - [MESSAGE][PASSED] - Object 'Object Repository/Pawoon/informasi bisnis page/Page_Pawoon POS/teks_Informasi Bisnis' is present

2021-06-29 22:18:47 - [TEST_STEP][PASSED] - delay(2): Delayed 2 second(s)

2021-06-29 22:18:49 - [MESSAGE][PASSED] - Delayed 2 second(s)

2021-06-29 22:18:49 - [TEST_STEP][PASSED] - closeBrowser(): Browser is closed

2021-06-29 22:18:50 - [MESSAGE][PASSED] - Browser is closed]]></system-out>
         <system-err><![CDATA[]]></system-err>
      </testcase>
      <testcase name="Test Cases/Daftar Akun Page/Email/Verify Email minimum character" time="24.703" classname="Test Cases/Daftar Akun Page/Email/Verify Email minimum character" status="PASSED">
         <system-out><![CDATA[2021-06-29 22:18:50 - [TEST_CASE][PASSED] - Test Cases/Daftar Akun Page/Email/Verify Email minimum character: Test Cases/Daftar Akun Page/Email/Verify Email minimum character

2021-06-29 22:18:51 - [TEST_STEP][PASSED] - openBrowser(""): Browser is opened with url: ''

2021-06-29 22:18:52 - [MESSAGE][INFO] - Starting 'Chrome' driver

2021-06-29 22:18:52 - [MESSAGE][INFO] - Action delay is set to 0 milliseconds

2021-06-29 22:18:57 - [MESSAGE][PASSED] - Browser is opened with url: ''

2021-06-29 22:18:57 - [TEST_STEP][PASSED] - maximizeWindow(): Current window maximized

2021-06-29 22:18:57 - [MESSAGE][PASSED] - Current window maximized

2021-06-29 22:18:57 - [TEST_STEP][PASSED] - navigateToUrl("https://dashboard.pawoon.com/login"): Navigate to 'https://dashboard.pawoon.com/login' successfully

2021-06-29 22:19:03 - [MESSAGE][PASSED] - Navigate to 'https://dashboard.pawoon.com/login' successfully

2021-06-29 22:19:03 - [TEST_STEP][PASSED] - click(findTestObject("Pawoon/Page_Pawoon POS - My Pawoon v2 - Login/Daftar sekarang")): Object: 'Object Repository/Pawoon/Page_Pawoon POS - My Pawoon v2 - Login/Daftar sekarang' is clicked on

2021-06-29 22:19:05 - [MESSAGE][PASSED] - Object: 'Object Repository/Pawoon/Page_Pawoon POS - My Pawoon v2 - Login/Daftar sekarang' is clicked on

2021-06-29 22:19:05 - [TEST_STEP][PASSED] - sendKeys(findTestObject("Pawoon/Page_Pawoon POS/input_Namalengkap"), "Renaldo Pontoh"): Keys 'Renaldo Pontoh' sent to object: 'Object Repository/Pawoon/Page_Pawoon POS/input_Namalengkap'

2021-06-29 22:19:06 - [MESSAGE][PASSED] - Keys 'Renaldo Pontoh' sent to object: 'Object Repository/Pawoon/Page_Pawoon POS/input_Namalengkap'

2021-06-29 22:19:06 - [TEST_STEP][PASSED] - sendKeys(findTestObject("Pawoon/Page_Pawoon POS/input_email"), "b"): Keys 'b' sent to object: 'Object Repository/Pawoon/Page_Pawoon POS/input_email'

2021-06-29 22:19:07 - [MESSAGE][PASSED] - Keys 'b' sent to object: 'Object Repository/Pawoon/Page_Pawoon POS/input_email'

2021-06-29 22:19:07 - [TEST_STEP][PASSED] - sendKeys(findTestObject("Pawoon/Page_Pawoon POS/input_phone_number"), "081211336018"): Keys '081211336018' sent to object: 'Object Repository/Pawoon/Page_Pawoon POS/input_phone_number'

2021-06-29 22:19:08 - [MESSAGE][PASSED] - Keys '081211336018' sent to object: 'Object Repository/Pawoon/Page_Pawoon POS/input_phone_number'

2021-06-29 22:19:08 - [TEST_STEP][PASSED] - sendKeys(findTestObject("Pawoon/Page_Pawoon POS/input_password"), "123456"): Keys '123456' sent to object: 'Object Repository/Pawoon/Page_Pawoon POS/input_password'

2021-06-29 22:19:09 - [MESSAGE][PASSED] - Keys '123456' sent to object: 'Object Repository/Pawoon/Page_Pawoon POS/input_password'

2021-06-29 22:19:09 - [TEST_STEP][PASSED] - verifyElementNotChecked(findTestObject("Pawoon/Page_Pawoon POS/checkbox_agreement"), 2): Object 'Object Repository/Pawoon/Page_Pawoon POS/checkbox_agreement' is not checked

2021-06-29 22:19:09 - [MESSAGE][PASSED] - Object 'Object Repository/Pawoon/Page_Pawoon POS/checkbox_agreement' is not checked

2021-06-29 22:19:09 - [TEST_STEP][PASSED] - check(findTestObject("Pawoon/Page_Pawoon POS/checkbox_agreement")): Object 'Object Repository/Pawoon/Page_Pawoon POS/checkbox_agreement' is checked

2021-06-29 22:19:10 - [MESSAGE][PASSED] - Object 'Object Repository/Pawoon/Page_Pawoon POS/checkbox_agreement' is checked

2021-06-29 22:19:10 - [TEST_STEP][PASSED] - click(findTestObject("Pawoon/Page_Pawoon POS/Page_Pawoon POS/button_Lanjutkan1")): Object: 'Object Repository/Pawoon/Page_Pawoon POS/Page_Pawoon POS/button_Lanjutkan1' is clicked on

2021-06-29 22:19:11 - [MESSAGE][PASSED] - Object: 'Object Repository/Pawoon/Page_Pawoon POS/Page_Pawoon POS/button_Lanjutkan1' is clicked on

2021-06-29 22:19:11 - [TEST_STEP][PASSED] - verifyElementPresent(findTestObject("Pawoon/informasi bisnis page/Page_Pawoon POS/teks_Informasi Bisnis"), 0): Object 'Object Repository/Pawoon/informasi bisnis page/Page_Pawoon POS/teks_Informasi Bisnis' is present

2021-06-29 22:19:11 - [MESSAGE][WARNING] - Timeout '0' is invalid. Using default page load timeout: '30'

2021-06-29 22:19:12 - [MESSAGE][PASSED] - Object 'Object Repository/Pawoon/informasi bisnis page/Page_Pawoon POS/teks_Informasi Bisnis' is present

2021-06-29 22:19:12 - [TEST_STEP][PASSED] - delay(2): Delayed 2 second(s)

2021-06-29 22:19:14 - [MESSAGE][PASSED] - Delayed 2 second(s)

2021-06-29 22:19:14 - [TEST_STEP][PASSED] - closeBrowser(): Browser is closed

2021-06-29 22:19:15 - [MESSAGE][PASSED] - Browser is closed]]></system-out>
         <system-err><![CDATA[]]></system-err>
      </testcase>
      <system-out><![CDATA[2021-06-29 22:16:32 - [TEST_SUITE][FAILED] - verify email: Test Cases/Daftar Akun Page/Email/Verify Email character allowed FAILED.
Reason:
com.kms.katalon.core.exception.StepFailedException: Unable to send keys 'bangdado09@gmail.com1234567890!@##$%^^&*()🙂😊😀😁' to object 'Object Repository/Pawoon/Page_Pawoon POS/input_email'
	at com.kms.katalon.core.webui.keyword.internal.WebUIKeywordMain.stepFailed(WebUIKeywordMain.groovy:64)
	at com.kms.katalon.core.webui.keyword.internal.WebUIKeywordMain.runKeyword(WebUIKeywordMain.groovy:26)
	at com.kms.katalon.core.webui.keyword.builtin.SendKeysKeyword.sendKeys(SendKeysKeyword.groovy:60)
	at com.kms.katalon.core.webui.keyword.builtin.SendKeysKeyword.execute(SendKeysKeyword.groovy:38)
	at com.kms.katalon.core.keyword.internal.KeywordExecutor.executeKeywordForPlatform(KeywordExecutor.groovy:73)
	at com.kms.katalon.core.webui.keyword.WebUiBuiltInKeywords.sendKeys(WebUiBuiltInKeywords.groovy:864)
	at com.kms.katalon.core.webui.keyword.WebUiBuiltInKeywords$sendKeys$3.call(Unknown Source)
	at Verify Email character allowed.run(Verify Email character allowed:30)
	at com.kms.katalon.core.main.ScriptEngine.run(ScriptEngine.java:194)
	at com.kms.katalon.core.main.ScriptEngine.runScriptAsRawText(ScriptEngine.java:119)
	at com.kms.katalon.core.main.TestCaseExecutor.runScript(TestCaseExecutor.java:369)
	at com.kms.katalon.core.main.TestCaseExecutor.doExecute(TestCaseExecutor.java:360)
	at com.kms.katalon.core.main.TestCaseExecutor.processExecutionPhase(TestCaseExecutor.java:339)
	at com.kms.katalon.core.main.TestCaseExecutor.accessMainPhase(TestCaseExecutor.java:331)
	at com.kms.katalon.core.main.TestCaseExecutor.execute(TestCaseExecutor.java:248)
	at com.kms.katalon.core.main.TestSuiteExecutor.accessTestCaseMainPhase(TestSuiteExecutor.java:191)
	at com.kms.katalon.core.main.TestSuiteExecutor.accessTestSuiteMainPhase(TestSuiteExecutor.java:140)
	at com.kms.katalon.core.main.TestSuiteExecutor.execute(TestSuiteExecutor.java:89)
	at com.kms.katalon.core.main.TestCaseMain.startTestSuite(TestCaseMain.java:185)
	at com.kms.katalon.core.main.TestCaseMain$startTestSuite$0.call(Unknown Source)
	at TempTestSuite1624979779908.run(TempTestSuite1624979779908.groovy:39)
Caused by: org.openqa.selenium.WebDriverException: unknown error: ChromeDriver only supports characters in the BMP
  (Session info: chrome=91.0.4472.124)
Build info: version: '3.141.59', revision: 'e82be7d358', time: '2018-11-14T08:25:53'
System info: host: 'DESKTOP-PQ1TCVR', ip: '192.168.100.48', os.name: 'Windows 10', os.arch: 'amd64', os.version: '10.0', java.version: '1.8.0_181'
Driver info: com.kms.katalon.selenium.driver.CChromeDriver
Capabilities {acceptInsecureCerts: false, browserName: chrome, browserVersion: 91.0.4472.124, chrome: {chromedriverVersion: 90.0.4430.24 (4c6d850f087da..., userDataDir: C:\Users\Aldo\AppData\Local...}, goog:chromeOptions: {debuggerAddress: localhost:54735}, javascriptEnabled: true, networkConnectionEnabled: false, pageLoadStrategy: normal, platform: WINDOWS, platformName: WINDOWS, proxy: Proxy(), setWindowRect: true, strictFileInteractability: false, timeouts: {implicit: 0, pageLoad: 300000, script: 30000}, unhandledPromptBehavior: dismiss and notify, webauthn:extension:largeBlob: true, webauthn:virtualAuthenticators: true}
Session ID: 3d8e7a23ca53a1315e0e6b9f8f19f5e9
	at org.openqa.selenium.remote.http.W3CHttpResponseCodec.createException(W3CHttpResponseCodec.java:187)
	at org.openqa.selenium.remote.http.W3CHttpResponseCodec.decode(W3CHttpResponseCodec.java:122)
	at org.openqa.selenium.remote.http.W3CHttpResponseCodec.decode(W3CHttpResponseCodec.java:49)
	at org.openqa.selenium.remote.HttpCommandExecutor.execute(HttpCommandExecutor.java:158)
	at org.openqa.selenium.remote.service.DriverCommandExecutor.execute(DriverCommandExecutor.java:83)
	at org.openqa.selenium.remote.RemoteWebDriver.execute(RemoteWebDriver.java:552)
	at com.kms.katalon.selenium.driver.CChromeDriver.execute(CChromeDriver.java:19)
	at org.openqa.selenium.remote.RemoteWebElement.execute(RemoteWebElement.java:285)
	at org.openqa.selenium.remote.RemoteWebElement.sendKeys(RemoteWebElement.java:106)
	at org.openqa.selenium.support.events.EventFiringWebDriver$EventFiringWebElement.lambda$new$0(EventFiringWebDriver.java:404)
	at com.sun.proxy.$Proxy11.sendKeys(Unknown Source)
	at org.openqa.selenium.support.events.EventFiringWebDriver$EventFiringWebElement.sendKeys(EventFiringWebDriver.java:429)
	at com.kms.katalon.core.webui.keyword.builtin.SendKeysKeyword$_sendKeys_closure1.doCall(SendKeysKeyword.groovy:53)
	at com.kms.katalon.core.webui.keyword.builtin.SendKeysKeyword$_sendKeys_closure1.call(SendKeysKeyword.groovy)
	at com.kms.katalon.core.webui.keyword.internal.WebUIKeywordMain.runKeyword(WebUIKeywordMain.groovy:20)
	... 19 more]]></system-out>
      <system-err><![CDATA[2021-06-29 22:16:32 - [TEST_SUITE][FAILED] - verify email: Test Cases/Daftar Akun Page/Email/Verify Email character allowed FAILED.
Reason:
com.kms.katalon.core.exception.StepFailedException: Unable to send keys 'bangdado09@gmail.com1234567890!@##$%^^&*()🙂😊😀😁' to object 'Object Repository/Pawoon/Page_Pawoon POS/input_email'
	at com.kms.katalon.core.webui.keyword.internal.WebUIKeywordMain.stepFailed(WebUIKeywordMain.groovy:64)
	at com.kms.katalon.core.webui.keyword.internal.WebUIKeywordMain.runKeyword(WebUIKeywordMain.groovy:26)
	at com.kms.katalon.core.webui.keyword.builtin.SendKeysKeyword.sendKeys(SendKeysKeyword.groovy:60)
	at com.kms.katalon.core.webui.keyword.builtin.SendKeysKeyword.execute(SendKeysKeyword.groovy:38)
	at com.kms.katalon.core.keyword.internal.KeywordExecutor.executeKeywordForPlatform(KeywordExecutor.groovy:73)
	at com.kms.katalon.core.webui.keyword.WebUiBuiltInKeywords.sendKeys(WebUiBuiltInKeywords.groovy:864)
	at com.kms.katalon.core.webui.keyword.WebUiBuiltInKeywords$sendKeys$3.call(Unknown Source)
	at Verify Email character allowed.run(Verify Email character allowed:30)
	at com.kms.katalon.core.main.ScriptEngine.run(ScriptEngine.java:194)
	at com.kms.katalon.core.main.ScriptEngine.runScriptAsRawText(ScriptEngine.java:119)
	at com.kms.katalon.core.main.TestCaseExecutor.runScript(TestCaseExecutor.java:369)
	at com.kms.katalon.core.main.TestCaseExecutor.doExecute(TestCaseExecutor.java:360)
	at com.kms.katalon.core.main.TestCaseExecutor.processExecutionPhase(TestCaseExecutor.java:339)
	at com.kms.katalon.core.main.TestCaseExecutor.accessMainPhase(TestCaseExecutor.java:331)
	at com.kms.katalon.core.main.TestCaseExecutor.execute(TestCaseExecutor.java:248)
	at com.kms.katalon.core.main.TestSuiteExecutor.accessTestCaseMainPhase(TestSuiteExecutor.java:191)
	at com.kms.katalon.core.main.TestSuiteExecutor.accessTestSuiteMainPhase(TestSuiteExecutor.java:140)
	at com.kms.katalon.core.main.TestSuiteExecutor.execute(TestSuiteExecutor.java:89)
	at com.kms.katalon.core.main.TestCaseMain.startTestSuite(TestCaseMain.java:185)
	at com.kms.katalon.core.main.TestCaseMain$startTestSuite$0.call(Unknown Source)
	at TempTestSuite1624979779908.run(TempTestSuite1624979779908.groovy:39)
Caused by: org.openqa.selenium.WebDriverException: unknown error: ChromeDriver only supports characters in the BMP
  (Session info: chrome=91.0.4472.124)
Build info: version: '3.141.59', revision: 'e82be7d358', time: '2018-11-14T08:25:53'
System info: host: 'DESKTOP-PQ1TCVR', ip: '192.168.100.48', os.name: 'Windows 10', os.arch: 'amd64', os.version: '10.0', java.version: '1.8.0_181'
Driver info: com.kms.katalon.selenium.driver.CChromeDriver
Capabilities {acceptInsecureCerts: false, browserName: chrome, browserVersion: 91.0.4472.124, chrome: {chromedriverVersion: 90.0.4430.24 (4c6d850f087da..., userDataDir: C:\Users\Aldo\AppData\Local...}, goog:chromeOptions: {debuggerAddress: localhost:54735}, javascriptEnabled: true, networkConnectionEnabled: false, pageLoadStrategy: normal, platform: WINDOWS, platformName: WINDOWS, proxy: Proxy(), setWindowRect: true, strictFileInteractability: false, timeouts: {implicit: 0, pageLoad: 300000, script: 30000}, unhandledPromptBehavior: dismiss and notify, webauthn:extension:largeBlob: true, webauthn:virtualAuthenticators: true}
Session ID: 3d8e7a23ca53a1315e0e6b9f8f19f5e9
	at org.openqa.selenium.remote.http.W3CHttpResponseCodec.createException(W3CHttpResponseCodec.java:187)
	at org.openqa.selenium.remote.http.W3CHttpResponseCodec.decode(W3CHttpResponseCodec.java:122)
	at org.openqa.selenium.remote.http.W3CHttpResponseCodec.decode(W3CHttpResponseCodec.java:49)
	at org.openqa.selenium.remote.HttpCommandExecutor.execute(HttpCommandExecutor.java:158)
	at org.openqa.selenium.remote.service.DriverCommandExecutor.execute(DriverCommandExecutor.java:83)
	at org.openqa.selenium.remote.RemoteWebDriver.execute(RemoteWebDriver.java:552)
	at com.kms.katalon.selenium.driver.CChromeDriver.execute(CChromeDriver.java:19)
	at org.openqa.selenium.remote.RemoteWebElement.execute(RemoteWebElement.java:285)
	at org.openqa.selenium.remote.RemoteWebElement.sendKeys(RemoteWebElement.java:106)
	at org.openqa.selenium.support.events.EventFiringWebDriver$EventFiringWebElement.lambda$new$0(EventFiringWebDriver.java:404)
	at com.sun.proxy.$Proxy11.sendKeys(Unknown Source)
	at org.openqa.selenium.support.events.EventFiringWebDriver$EventFiringWebElement.sendKeys(EventFiringWebDriver.java:429)
	at com.kms.katalon.core.webui.keyword.builtin.SendKeysKeyword$_sendKeys_closure1.doCall(SendKeysKeyword.groovy:53)
	at com.kms.katalon.core.webui.keyword.builtin.SendKeysKeyword$_sendKeys_closure1.call(SendKeysKeyword.groovy)
	at com.kms.katalon.core.webui.keyword.internal.WebUIKeywordMain.runKeyword(WebUIKeywordMain.groovy:20)
	... 19 more]]></system-err>
   </testsuite>
</testsuites>
